RoyalMatch/Library/Bee/Android/Prj/IL2CPP/Gradle/launcher/build/intermediates/manifest_merge_blame_file/release/manifest-merger-blame-release-report.txt
1<?xml version="1.0" encoding="utf-8"?>
2<manifest xmlns:android="http://schemas.android.com/apk/res/android"
3    package="com.DefaultCompany.RoyalMatch"
4    android:installLocation="preferExternal"
5    android:versionCode="17"
6    android:versionName="1.3" >
7
8    <uses-sdk
9        android:minSdkVersion="22"
9-->src\main\AndroidManifest.xml
10        android:targetSdkVersion="30" />
10-->src\main\AndroidManifest.xml
11
12    <supports-screens
12-->src\main\AndroidManifest.xml:3:3-163
13        android:anyDensity="true"
13-->src\main\AndroidManifest.xml:3:135-160
14        android:largeScreens="true"
14-->src\main\AndroidManifest.xml:3:78-105
15        android:normalScreens="true"
15-->src\main\AndroidManifest.xml:3:49-77
16        android:smallScreens="true"
16-->src\main\AndroidManifest.xml:3:21-48
17        android:xlargeScreens="true" />
17-->src\main\AndroidManifest.xml:3:106-134
18
19    <uses-feature android:glEsVersion="0x00020000" />
19-->[:unityLibrary] AndroidManifest.xml:12:5-54
19-->[:unityLibrary] AndroidManifest.xml:12:19-51
20
21    <uses-permission android:name="android.permission.INTERNET" />
21-->[:unityLibrary] AndroidManifest.xml:14:5-67
21-->[:unityLibrary] AndroidManifest.xml:14:22-64
22    <uses-permission android:name="android.permission.ACCESS_NETWORK_STATE" />
22-->[:unityLibrary] AndroidManifest.xml:15:5-79
22-->[:unityLibrary] AndroidManifest.xml:15:22-76
23
24    <uses-feature
24-->[:unityLibrary] AndroidManifest.xml:17:5-19:36
25        android:name="android.hardware.touchscreen"
25-->[:unityLibrary] AndroidManifest.xml:18:9-52
26        android:required="false" />
26-->[:unityLibrary] AndroidManifest.xml:19:9-33
27    <uses-feature
27-->[:unityLibrary] AndroidManifest.xml:20:5-22:36
28        android:name="android.hardware.touchscreen.multitouch"
28-->[:unityLibrary] AndroidManifest.xml:21:9-63
29        android:required="false" />
29-->[:unityLibrary] AndroidManifest.xml:22:9-33
30    <uses-feature
30-->[:unityLibrary] AndroidManifest.xml:23:5-25:36
31        android:name="android.hardware.touchscreen.multitouch.distinct"
31-->[:unityLibrary] AndroidManifest.xml:24:9-72
32        android:required="false" />
32-->[:unityLibrary] AndroidManifest.xml:25:9-33
33
34    <uses-permission android:name="com.android.vending.BILLING" />
34-->[:billing-4.0.0:] AndroidManifest.xml:10:5-67
34-->[:billing-4.0.0:] AndroidManifest.xml:10:22-64
35
36    <application
36-->src\main\AndroidManifest.xml:4:3-121
37        android:banner="@drawable/app_banner"
37-->src\main\AndroidManifest.xml:4:81-118
38        android:extractNativeLibs="true"
38-->[:unityLibrary] AndroidManifest.xml:28:9-41
39        android:icon="@mipmap/app_icon"
39-->src\main\AndroidManifest.xml:4:49-80
40        android:isGame="true"
40-->[:unityLibrary] AndroidManifest.xml:29:9-30
41        android:label="@string/app_name" >
41-->src\main\AndroidManifest.xml:4:16-48
42        <activity
42-->[:unityLibrary] AndroidManifest.xml:30:9-48:20
43            android:name="com.unity3d.player.UnityPlayerActivity"
43-->[:unityLibrary] AndroidManifest.xml:31:13-66
44            android:configChanges="mcc|mnc|locale|touchscreen|keyboard|keyboardHidden|navigation|orientation|screenLayout|uiMode|screenSize|smallestScreenSize|fontScale|layoutDirection|density"
44-->[:unityLibrary] AndroidManifest.xml:32:13-194
45            android:hardwareAccelerated="false"
45-->[:unityLibrary] AndroidManifest.xml:33:13-48
46            android:launchMode="singleTask"
46-->[:unityLibrary] AndroidManifest.xml:34:13-44
47            android:resizeableActivity="false"
47-->[:unityLibrary] AndroidManifest.xml:35:13-47
48            android:screenOrientation="userPortrait"
48-->[:unityLibrary] AndroidManifest.xml:36:13-53
49            android:theme="@style/UnityThemeSelector" >
49-->[:unityLibrary] AndroidManifest.xml:37:13-54
50            <intent-filter>
50-->[:unityLibrary] AndroidManifest.xml:38:13-43:29
51                <action android:name="android.intent.action.MAIN" />
51-->[:unityLibrary] AndroidManifest.xml:39:17-69
51-->[:unityLibrary] AndroidManifest.xml:39:25-66
52
53                <category android:name="android.intent.category.LAUNCHER" />
53-->[:unityLibrary] AndroidManifest.xml:41:17-77
53-->[:unityLibrary] AndroidManifest.xml:41:27-74
54                <category android:name="android.intent.category.LEANBACK_LAUNCHER" />
54-->[:unityLibrary] AndroidManifest.xml:42:17-86
54-->[:unityLibrary] AndroidManifest.xml:42:27-83
55            </intent-filter>
56
57            <meta-data
57-->[:unityLibrary] AndroidManifest.xml:45:13-47:40
58                android:name="unityplayer.UnityActivity"
58-->[:unityLibrary] AndroidManifest.xml:46:17-57
59                android:value="true" />
59-->[:unityLibrary] AndroidManifest.xml:47:17-37
60        </activity>
61
62        <meta-data
62-->[:unityLibrary] AndroidManifest.xml:50:9-52:33
63            android:name="unity.splash-mode"
63-->[:unityLibrary] AndroidManifest.xml:51:13-45
64            android:value="0" />
64-->[:unityLibrary] AndroidManifest.xml:52:13-30
65        <meta-data
65-->[:unityLibrary] AndroidManifest.xml:53:9-55:36
66            android:name="unity.splash-enable"
66-->[:unityLibrary] AndroidManifest.xml:54:13-47
67            android:value="True" />
67-->[:unityLibrary] AndroidManifest.xml:55:13-33
68        <meta-data
68-->[:unityLibrary] AndroidManifest.xml:56:9-58:36
69            android:name="unity.launch-fullscreen"
69-->[:unityLibrary] AndroidManifest.xml:57:13-51
70            android:value="True" />
70-->[:unityLibrary] AndroidManifest.xml:58:13-33
71        <meta-data
71-->[:unityLibrary] AndroidManifest.xml:59:9-61:37
72            android:name="unity.allow-resizable-window"
72-->[:unityLibrary] AndroidManifest.xml:60:13-56
73            android:value="False" />
73-->[:unityLibrary] AndroidManifest.xml:61:13-34
74        <meta-data
74-->[:unityLibrary] AndroidManifest.xml:62:9-64:36
75            android:name="unity.auto-report-fully-drawn"
75-->[:unityLibrary] AndroidManifest.xml:63:13-57
76            android:value="true" />
76-->[:unityLibrary] AndroidManifest.xml:64:13-33
77        <meta-data
77-->[:billing-4.0.0:] AndroidManifest.xml:13:9-15:37
78            android:name="com.google.android.play.billingclient.version"
78-->[:billing-4.0.0:] AndroidManifest.xml:14:13-73
79            android:value="4.0.0" />
79-->[:billing-4.0.0:] AndroidManifest.xml:15:13-34
80
81        <activity
81-->[:billing-4.0.0:] AndroidManifest.xml:17:9-21:75
82            android:name="com.android.billingclient.api.ProxyBillingActivity"
82-->[:billing-4.0.0:] AndroidManifest.xml:18:13-78
83            android:configChanges="keyboard|keyboardHidden|screenLayout|screenSize|orientation"
83-->[:billing-4.0.0:] AndroidManifest.xml:19:13-96
84            android:exported="false"
84-->[:billing-4.0.0:] AndroidManifest.xml:20:13-37
85            android:theme="@android:style/Theme.Translucent.NoTitleBar" />
85-->[:billing-4.0.0:] AndroidManifest.xml:21:13-72
86    </application>
87
88</manifest>